<?xml version="1.0" encoding="UTF-8"?>
<testng-results ignored="0" total="1" passed="1" failed="0" skipped="0">
  <reporter-output>
  </reporter-output>
  <suite started-at="2023-10-12T18:06:01 IST" name="Default suite" finished-at="2023-10-12T18:06:14 IST" duration-ms="13328">
    <groups>
    </groups>
    <test started-at="2023-10-12T18:06:01 IST" name="Default test" finished-at="2023-10-12T18:06:14 IST" duration-ms="13328">
      <class name="myJMCode.myJMCode">
        <test-method signature="validateURL()[pri:0, instance:myJMCode.myJMCode@5b799640]" started-at="2023-10-12T18:06:01 IST" name="validateURL" finished-at="2023-10-12T18:06:14 IST" duration-ms="13287" status="PASS">
          <reporter-output>
          </reporter-output>
        </test-method> <!-- validateURL -->
      </class> <!-- myJMCode.myJMCode -->
    </test> <!-- Default test -->
  </suite> <!-- Default suite -->
</testng-results>
